# JRE version: Java(TM) SE Runtime Environment (8.0_201-b09) (build 1.8.0_201-b09)
# Java VM: Java HotSpot(TM) 64-Bit Server VM (25.201-b09 mixed mode windows-amd64 compressed oops)
Heap:
 PSYoungGen      total 189440K, used 17479K [0x00000000d5d80000, 0x00000000e5b80000, 0x0000000100000000)
  eden space 173056K, 10% used [0x00000000d5d80000,0x00000000d6e91d68,0x00000000e0680000)
  from space 16384K, 0% used [0x00000000e0680000,0x00000000e0680000,0x00000000e1680000)
  to   space 18944K, 0% used [0x00000000e4900000,0x00000000e4900000,0x00000000e5b80000)
 ParOldGen       total 124416K, used 31541K [0x0000000081800000, 0x0000000089180000, 0x00000000d5d80000)
  object space 124416K, 25% used [0x0000000081800000,0x00000000836cd420,0x0000000089180000)
 Metaspace       used 58812K, capacity 61340K, committed 61528K, reserved 1101824K
  class space    used 7741K, capacity 8226K, committed 8320K, reserved 1048576K
GC Heap History (10 events):
Event: 4.968 GC heap before
{Heap before GC invocations=10 (full 2):
 PSYoungGen      total 142848K, used 8785K [0x00000000d5d80000, 0x00000000e0e00000, 0x0000000100000000)
  eden space 130560K, 0% used [0x00000000d5d80000,0x00000000d5d80000,0x00000000ddd00000)
  from space 12288K, 71% used [0x00000000de900000,0x00000000df194570,0x00000000df500000)
  to   space 12288K, 0% used [0x00000000ddd00000,0x00000000ddd00000,0x00000000de900000)
 ParOldGen       total 60928K, used 15172K [0x0000000081800000, 0x0000000085380000, 0x00000000d5d80000)
  object space 60928K, 24% used [0x0000000081800000,0x00000000826d1158,0x0000000085380000)
 Metaspace       used 33781K, capacity 35356K, committed 35456K, reserved 1079296K
  class space    used 4393K, capacity 4717K, committed 4736K, reserved 1048576K
Event: 5.058 GC heap after
Heap after GC invocations=10 (full 2):
 PSYoungGen      total 142848K, used 0K [0x00000000d5d80000, 0x00000000e0e00000, 0x0000000100000000)
  eden space 130560K, 0% used [0x00000000d5d80000,0x00000000d5d80000,0x00000000ddd00000)
  from space 12288K, 0% used [0x00000000de900000,0x00000000de900000,0x00000000df500000)
  to   space 12288K, 0% used [0x00000000ddd00000,0x00000000ddd00000,0x00000000de900000)
 ParOldGen       total 90624K, used 16607K [0x0000000081800000, 0x0000000087080000, 0x00000000d5d80000)
  object space 90624K, 18% used [0x0000000081800000,0x0000000082837f98,0x0000000087080000)
 Metaspace       used 33781K, capacity 35356K, committed 35456K, reserved 1079296K
  class space    used 4393K, capacity 4717K, committed 4736K, reserved 1048576K
}
Event: 7.006 GC heap before
{Heap before GC invocations=11 (full 2):
 PSYoungGen      total 142848K, used 130560K [0x00000000d5d80000, 0x00000000e0e00000, 0x0000000100000000)
  eden space 130560K, 100% used [0x00000000d5d80000,0x00000000ddd00000,0x00000000ddd00000)
  from space 12288K, 0% used [0x00000000de900000,0x00000000de900000,0x00000000df500000)
  to   space 12288K, 0% used [0x00000000ddd00000,0x00000000ddd00000,0x00000000de900000)
 ParOldGen       total 90624K, used 16607K [0x0000000081800000, 0x0000000087080000, 0x00000000d5d80000)
  object space 90624K, 18% used [0x0000000081800000,0x0000000082837f98,0x0000000087080000)
 Metaspace       used 42367K, capacity 44028K, committed 44160K, reserved 1087488K
  class space    used 5407K, capacity 5723K, committed 5760K, reserved 1048576K
Event: 7.022 GC heap after
Heap after GC invocations=11 (full 2):
 PSYoungGen      total 142848K, used 10582K [0x00000000d5d80000, 0x00000000e2400000, 0x0000000100000000)
  eden space 130560K, 0% used [0x00000000d5d80000,0x00000000d5d80000,0x00000000ddd00000)
  from space 12288K, 86% used [0x00000000ddd00000,0x00000000de755bb0,0x00000000de900000)
  to   space 13312K, 0% used [0x00000000e1700000,0x00000000e1700000,0x00000000e2400000)
 ParOldGen       total 90624K, used 16623K [0x0000000081800000, 0x0000000087080000, 0x00000000d5d80000)
  object space 90624K, 18% used [0x0000000081800000,0x000000008283bf98,0x0000000087080000)
 Metaspace       used 42367K, capacity 44028K, committed 44160K, reserved 1087488K
  class space    used 5407K, capacity 5723K, committed 5760K, reserved 1048576K
}
Event: 9.600 GC heap before
{Heap before GC invocations=12 (full 2):
 PSYoungGen      total 142848K, used 141142K [0x00000000d5d80000, 0x00000000e2400000, 0x0000000100000000)
  eden space 130560K, 100% used [0x00000000d5d80000,0x00000000ddd00000,0x00000000ddd00000)
  from space 12288K, 86% used [0x00000000ddd00000,0x00000000de755bb0,0x00000000de900000)
  to   space 13312K, 0% used [0x00000000e1700000,0x00000000e1700000,0x00000000e2400000)
 ParOldGen       total 90624K, used 16623K [0x0000000081800000, 0x0000000087080000, 0x00000000d5d80000)
  object space 90624K, 18% used [0x0000000081800000,0x000000008283bf98,0x0000000087080000)
 Metaspace       used 52575K, capacity 54778K, committed 55040K, reserved 1097728K
  class space    used 6926K, capacity 7333K, committed 7424K, reserved 1048576K
Event: 9.634 GC heap after
Heap after GC invocations=12 (full 2):
 PSYoungGen      total 186368K, used 13281K [0x00000000d5d80000, 0x00000000e2680000, 0x0000000100000000)
  eden space 173056K, 0% used [0x00000000d5d80000,0x00000000d5d80000,0x00000000e0680000)
  from space 13312K, 99% used [0x00000000e1700000,0x00000000e23f8450,0x00000000e2400000)
  to   space 16384K, 0% used [0x00000000e0680000,0x00000000e0680000,0x00000000e1680000)
 ParOldGen       total 90624K, used 20920K [0x0000000081800000, 0x0000000087080000, 0x00000000d5d80000)
  object space 90624K, 23% used [0x0000000081800000,0x0000000082c6e1d8,0x0000000087080000)
 Metaspace       used 52575K, capacity 54778K, committed 55040K, reserved 1097728K
  class space    used 6926K, capacity 7333K, committed 7424K, reserved 1048576K
}
Event: 274.798 GC heap before
{Heap before GC invocations=13 (full 2):
 PSYoungGen      total 186368K, used 143446K [0x00000000d5d80000, 0x00000000e2680000, 0x0000000100000000)
  eden space 173056K, 75% used [0x00000000d5d80000,0x00000000ddc9d728,0x00000000e0680000)
  from space 13312K, 99% used [0x00000000e1700000,0x00000000e23f8450,0x00000000e2400000)
  to   space 16384K, 0% used [0x00000000e0680000,0x00000000e0680000,0x00000000e1680000)
 ParOldGen       total 90624K, used 20920K [0x0000000081800000, 0x0000000087080000, 0x00000000d5d80000)
  object space 90624K, 23% used [0x0000000081800000,0x0000000082c6e1d8,0x0000000087080000)
 Metaspace       used 56642K, capacity 59052K, committed 59096K, reserved 1099776K
  class space    used 7457K, capacity 7896K, committed 7936K, reserved 1048576K
Event: 274.817 GC heap after
Heap after GC invocations=13 (full 2):
 PSYoungGen      total 189440K, used 16370K [0x00000000d5d80000, 0x00000000e5b80000, 0x0000000100000000)
  eden space 173056K, 0% used [0x00000000d5d80000,0x00000000d5d80000,0x00000000e0680000)
  from space 16384K, 99% used [0x00000000e0680000,0x00000000e167ca08,0x00000000e1680000)
  to   space 18944K, 0% used [0x00000000e4900000,0x00000000e4900000,0x00000000e5b80000)
 ParOldGen       total 90624K, used 21743K [0x0000000081800000, 0x0000000087080000, 0x00000000d5d80000)
  object space 90624K, 23% used [0x0000000081800000,0x0000000082d3bfb0,0x0000000087080000)
 Metaspace       used 56642K, capacity 59052K, committed 59096K, reserved 1099776K
  class space    used 7457K, capacity 7896K, committed 7936K, reserved 1048576K
}
Event: 274.818 GC heap before
{Heap before GC invocations=14 (full 3):
 PSYoungGen      total 189440K, used 16370K [0x00000000d5d80000, 0x00000000e5b80000, 0x0000000100000000)
  eden space 173056K, 0% used [0x00000000d5d80000,0x00000000d5d80000,0x00000000e0680000)
  from space 16384K, 99% used [0x00000000e0680000,0x00000000e167ca08,0x00000000e1680000)
  to   space 18944K, 0% used [0x00000000e4900000,0x00000000e4900000,0x00000000e5b80000)
 ParOldGen       total 90624K, used 21743K [0x0000000081800000, 0x0000000087080000, 0x00000000d5d80000)
  object space 90624K, 23% used [0x0000000081800000,0x0000000082d3bfb0,0x0000000087080000)
 Metaspace       used 56642K, capacity 59052K, committed 59096K, reserved 1099776K
  class space    used 7457K, capacity 7896K, committed 7936K, reserved 1048576K
Event: 275.012 GC heap after
Heap after GC invocations=14 (full 3):
 PSYoungGen      total 189440K, used 0K [0x00000000d5d80000, 0x00000000e5b80000, 0x0000000100000000)
  eden space 173056K, 0% used [0x00000000d5d80000,0x00000000d5d80000,0x00000000e0680000)
  from space 16384K, 0% used [0x00000000e0680000,0x00000000e0680000,0x00000000e1680000)
  to   space 18944K, 0% used [0x00000000e4900000,0x00000000e4900000,0x00000000e5b80000)
 ParOldGen       total 124416K, used 31541K [0x0000000081800000, 0x0000000089180000, 0x00000000d5d80000)
  object space 124416K, 25% used [0x0000000081800000,0x00000000836cd420,0x0000000089180000)
 Metaspace       used 56642K, capacity 59052K, committed 59096K, reserved 1099776K
  class space    used 7457K, capacity 7896K, committed 7936K, reserved 1048576K
}

